#
# There is insufficient memory for the Java Runtime Environment to continue.
# Native memory allocation (mmap) failed to map 130023424 bytes for G1 virtual space
# Possible reasons:
#   The system is out of physical RAM or swap space
#   The process is running with CompressedOops enabled, and the Java Heap may be blocking the growth of the native heap
# Possible solutions:
#   Reduce memory load on the system
#   Increase physical memory or swap space
#   Check if swap backing store is full
#   Decrease Java heap size (-Xmx/-Xms)
#   Decrease number of Java threads
#   Decrease Java thread stack sizes (-Xss)
#   Set larger code cache with -XX:ReservedCodeCacheSize=
#   JVM is running with Unscaled Compressed Oops mode in which the Java heap is
#     placed in the first 4GB address space. The Java Heap base address is the
#     maximum limit for the native heap growth. Please use -XX:HeapBaseMinAddress
#     to set the Java Heap base and to place the Java Heap above 4GB virtual address.
# This output file may be truncated or incomplete.
#
#  Out of Memory Error (os_windows.cpp:3548), pid=61332, tid=56040
#
# JRE version:  (17.0.11+7) (build )
# Java VM: Java HotSpot(TM) 64-Bit Server VM (17.0.11+7-LTS-207, mixed mode, sharing, tiered, compressed oops, compressed class ptrs, g1 gc, windows-amd64)
# No core dump will be written. Minidumps are not enabled by default on client versions of Windows
#

---------------  S U M M A R Y ------------

Command Line: -ea -Dfile.encoding=UTF-8 -Dstdout.encoding=UTF-8 -Dstderr.encoding=UTF-8 -XX:+ShowCodeDetailsInExceptionMessages org.testng.remote.RemoteTestNG -serport 59351 -protocol json -d C:\Users\hajir\git\SampleRepo\qalegend\test-output C:\Users\hajir\git\SampleRepo\qalegend\testng.xml

Host: 11th Gen Intel(R) Core(TM) i3-1115G4 @ 3.00GHz, 4 cores, 7G,  Windows 11 , 64 bit Build 22621 (10.0.22621.3958)
Time: Mon Dec  9 11:13:24 2024 India Standard Time elapsed time: 0.279095 seconds (0d 0h 0m 0s)

---------------  T H R E A D  ---------------

Current thread (0x0000025b5bacb950):  JavaThread "Unknown thread" [_thread_in_vm, id=56040, stack(0x0000007978700000,0x0000007978800000)]

Stack: [0x0000007978700000,0x0000007978800000]
Native frames: (J=compiled Java code, j=interpreted, Vv=VM code, C=native code)
V  [jvm.dll+0x679cca]
V  [jvm.dll+0x7da13d]
V  [jvm.dll+0x7dba83]
V  [jvm.dll+0x7dc0f3]
V  [jvm.dll+0x2449af]
V  [jvm.dll+0x676ce9]
V  [jvm.dll+0x66b852]
V  [jvm.dll+0x3018d6]
V  [jvm.dll+0x308e76]
V  [jvm.dll+0x3596ee]
V  [jvm.dll+0x35991f]
V  [jvm.dll+0x2d89a8]
V  [jvm.dll+0x2d9914]
V  [jvm.dll+0x7ac6b1]
V  [jvm.dll+0x366f61]
V  [jvm.dll+0x78b609]
V  [jvm.dll+0x3ec22f]
V  [jvm.dll+0x3ede61]
C  [jli.dll+0x5297]
C  [ucrtbase.dll+0x29333]
C  [KERNEL32.DLL+0x1257d]
C  [ntdll.dll+0x5af28]


---------------  P R O C E S S  ---------------

Threads class SMR info:
_java_thread_list=0x00007ffcee737a18, length=0, elements={
}

Java Threads: ( => current thread )

Other Threads:
  0x0000025b5bb25450 GCTaskThread "GC Thread#0" [stack: 0x0000007978800000,0x0000007978900000] [id=68164]
  0x0000025b5bb35a20 ConcurrentGCThread "G1 Main Marker" [stack: 0x0000007978900000,0x0000007978a00000] [id=50320]
  0x0000025b5bb36bd0 ConcurrentGCThread "G1 Conc#0" [stack: 0x0000007978a00000,0x0000007978b00000] [id=48904]

[error occurred during error reporting (printing all threads), id 0xc0000005, EXCEPTION_ACCESS_VIOLATION (0xc0000005) at pc=0x00007ffcedf69497]

VM state: not at safepoint (not fully initialized)

VM Mutex/Monitor currently owned by a thread:  ([mutex/lock_event])
[0x0000025b5bac8780] Heap_lock - owner thread: 0x0000025b5bacb950

Heap address: 0x0000000084c00000, size: 1972 MB, Compressed Oops mode: 32-bit

CDS archive(s) mapped at: [0x0000000000000000-0x0000000000000000-0x0000000000000000), size 0, SharedBaseAddress: 0x0000000800000000, ArchiveRelocationMode: 1.
Narrow klass base: 0x0000000000000000, Narrow klass shift: 0, Narrow klass range: 0x0

GC Precious Log:
<Empty>

Heap:
 garbage-first heap   total 0K, used 0K [0x0000000084c00000, 0x0000000100000000)
  region size 1024K, 0 young (0K), 0 survivors (0K)

[error occurred during error reporting (printing heap information), id 0xc0000005, EXCEPTION_ACCESS_VIOLATION (0xc0000005) at pc=0x00007ffcee353559]

GC Heap History (0 events):
No events

Deoptimization events (0 events):
No events

Classes unloaded (0 events):
No events

Classes redefined (0 events):
No events

Internal exceptions (0 events):
No events

VM Operations (0 events):
No events

Events (1 events):
Event: 0.046 Loaded shared library C:\Program Files\Java\jdk-17\bin\java.dll


Dynamic libraries:
0x00007ff631bb0000 - 0x00007ff631bc0000 	C:\Program Files\Java\jdk-17\bin\javaw.exe
0x00007ffd15490000 - 0x00007ffd156a7000 	C:\WINDOWS\SYSTEM32\ntdll.dll
0x00007ffd13910000 - 0x00007ffd139d4000 	C:\WINDOWS\System32\KERNEL32.DLL
0x00007ffd128d0000 - 0x00007ffd12c7d000 	C:\WINDOWS\System32\KERNELBASE.dll
0x00007ffd13030000 - 0x00007ffd13141000 	C:\WINDOWS\System32\ucrtbase.dll
0x00007ffceebc0000 - 0x00007ffceebd9000 	C:\Program Files\Java\jdk-17\bin\jli.dll
0x00007ffd13850000 - 0x00007ffd13902000 	C:\WINDOWS\System32\ADVAPI32.dll
0x00007ffd151a0000 - 0x00007ffd15247000 	C:\WINDOWS\System32\msvcrt.dll
0x00007ffd13640000 - 0x00007ffd136e9000 	C:\WINDOWS\System32\sechost.dll
0x00007ffd12d40000 - 0x00007ffd12d68000 	C:\WINDOWS\System32\bcrypt.dll
0x00007ffd15330000 - 0x00007ffd15444000 	C:\WINDOWS\System32\RPCRT4.dll
0x00007ffd149f0000 - 0x00007ffd14b9e000 	C:\WINDOWS\System32\USER32.dll
0x00007ffd12e90000 - 0x00007ffd12eb6000 	C:\WINDOWS\System32\win32u.dll
0x00007ffd136f0000 - 0x00007ffd13719000 	C:\WINDOWS\System32\GDI32.dll
0x00007ffd12d70000 - 0x00007ffd12e89000 	C:\WINDOWS\System32\gdi32full.dll
0x00007ffd127b0000 - 0x00007ffd1284a000 	C:\WINDOWS\System32\msvcp_win.dll
0x00007ffcee900000 - 0x00007ffceeb93000 	C:\WINDOWS\WinSxS\amd64_microsoft.windows.common-controls_6595b64144ccf1df_6.0.22621.3672_none_2713b9d173822955\COMCTL32.dll
0x00007ffceeba0000 - 0x00007ffceebbb000 	C:\Program Files\Java\jdk-17\bin\VCRUNTIME140.dll
0x00007ffd0aa10000 - 0x00007ffd0aa1a000 	C:\WINDOWS\SYSTEM32\VERSION.dll
0x00007ffd13a40000 - 0x00007ffd13a71000 	C:\WINDOWS\System32\IMM32.DLL
0x00007ffcee8f0000 - 0x00007ffcee8fc000 	C:\Program Files\Java\jdk-17\bin\vcruntime140_1.dll
0x00007ffcee860000 - 0x00007ffcee8ee000 	C:\Program Files\Java\jdk-17\bin\msvcp140.dll
0x00007ffcedc80000 - 0x00007ffcee860000 	C:\Program Files\Java\jdk-17\bin\server\jvm.dll
0x00007ffd14bf0000 - 0x00007ffd14bf8000 	C:\WINDOWS\System32\PSAPI.DLL
0x00007ffcedc70000 - 0x00007ffcedc79000 	C:\WINDOWS\SYSTEM32\WSOCK32.dll
0x00007ffd137b0000 - 0x00007ffd13821000 	C:\WINDOWS\System32\WS2_32.dll
0x00007ffd0ab70000 - 0x00007ffd0aba4000 	C:\WINDOWS\SYSTEM32\WINMM.dll
0x00007ffd11800000 - 0x00007ffd11818000 	C:\WINDOWS\SYSTEM32\kernel.appcore.dll
0x00007ffcedc60000 - 0x00007ffcedc6a000 	C:\Program Files\Java\jdk-17\bin\jimage.dll
0x00007ffd0ffd0000 - 0x00007ffd10202000 	C:\WINDOWS\SYSTEM32\DBGHELP.DLL
0x00007ffd14c60000 - 0x00007ffd14fee000 	C:\WINDOWS\System32\combase.dll
0x00007ffd15250000 - 0x00007ffd15327000 	C:\WINDOWS\System32\OLEAUT32.dll
0x00007ffd09cc0000 - 0x00007ffd09cf2000 	C:\WINDOWS\SYSTEM32\dbgcore.DLL
0x00007ffd12850000 - 0x00007ffd128cb000 	C:\WINDOWS\System32\bcryptPrimitives.dll
0x00007ffcedc30000 - 0x00007ffcedc55000 	C:\Program Files\Java\jdk-17\bin\java.dll

dbghelp: loaded successfully - version: 4.0.5 - missing functions: none
symbol engine: initialized successfully - sym options: 0x614 - pdb path: .;C:\Program Files\Java\jdk-17\bin;C:\WINDOWS\SYSTEM32;C:\WINDOWS\WinSxS\amd64_microsoft.windows.common-controls_6595b64144ccf1df_6.0.22621.3672_none_2713b9d173822955;C:\Program Files\Java\jdk-17\bin\server

VM Arguments:
jvm_args: -ea -Dfile.encoding=UTF-8 -Dstdout.encoding=UTF-8 -Dstderr.encoding=UTF-8 -XX:+ShowCodeDetailsInExceptionMessages 
java_command: org.testng.remote.RemoteTestNG -serport 59351 -protocol json -d C:\Users\hajir\git\SampleRepo\qalegend\test-output C:\Users\hajir\git\SampleRepo\qalegend\testng.xml
java_class_path (initial): C:\Users\hajir\eclipse\java-2024-033\eclipse\configuration\org.eclipse.osgi\523\0\.cp\lib\testng-remote.jar;C:\Users\hajir\git\SampleRepo\qalegend\target\test-classes;C:\Users\hajir\git\SampleRepo\qalegend\target\classes;C:\Users\hajir\.m2\repository\org\seleniumhq\selenium\selenium-java\4.25.0\selenium-java-4.25.0.jar;C:\Users\hajir\.m2\repository\org\seleniumhq\selenium\selenium-api\4.25.0\selenium-api-4.25.0.jar;C:\Users\hajir\.m2\repository\org\jspecify\jspecify\1.0.0\jspecify-1.0.0.jar;C:\Users\hajir\.m2\repository\org\seleniumhq\selenium\selenium-chrome-driver\4.25.0\selenium-chrome-driver-4.25.0.jar;C:\Users\hajir\.m2\repository\com\google\auto\service\auto-service-annotations\1.1.1\auto-service-annotations-1.1.1.jar;C:\Users\hajir\.m2\repository\org\seleniumhq\selenium\selenium-chromium-driver\4.25.0\selenium-chromium-driver-4.25.0.jar;C:\Users\hajir\.m2\repository\org\seleniumhq\selenium\selenium-json\4.25.0\selenium-json-4.25.0.jar;C:\Users\hajir\.m2\repository\org\seleniumhq\selenium\selenium-manager\4.25.0\selenium-manager-4.25.0.jar;C:\Users\hajir\.m2\repository\org\seleniumhq\selenium\selenium-devtools-v127\4.25.0\selenium-devtools-v127-4.25.0.jar;C:\Users\hajir\.m2\repository\org\seleniumhq\selenium\selenium-devtools-v128\4.25.0\selenium-devtools-v128-4.25.0.jar;C:\Users\hajir\.m2\repository\org\seleniumhq\selenium\selenium-devtools-v129\4.25.0\selenium-devtools-v129-4.25.0.jar;C:\Users\hajir\.m2\repository\org\seleniumhq\selenium\selenium-devtools-v85\4.25.0\selenium-devtools-v85-4.25.0.jar;C:\Users\hajir\.m2\repository\org\seleniumhq\selenium\selenium-edge-driver\4.25.0\selenium-edge-driver-4.25.0.jar;C:\Users\hajir\.m2\repository\org\seleniumhq\selenium\selenium-firefox-driver\4.25.0\selenium-firefox-driver-4.25.0.jar;C:\Users\hajir\.m2\repository\org\seleniumhq\selenium\selenium-http\4.25.0\selenium-http-4.25.0.jar;C:\Users\hajir\.m2\repository\dev\failsafe\failsafe\3.3.2\failsafe-3.3.2.jar;C:\Users\hajir\.m2\repositor
Launcher Type: SUN_STANDARD

[Global flags]
     intx CICompilerCount                          = 3                                         {product} {ergonomic}
     uint ConcGCThreads                            = 1                                         {product} {ergonomic}
     uint G1ConcRefinementThreads                  = 4                                         {product} {ergonomic}
   size_t G1HeapRegionSize                         = 1048576                                   {product} {ergonomic}
    uintx GCDrainStackTargetSize                   = 64                                        {product} {ergonomic}
   size_t InitialHeapSize                          = 130023424                                 {product} {ergonomic}
   size_t MarkStackSize                            = 4194304                                   {product} {ergonomic}
   size_t MaxHeapSize                              = 2067791872                                {product} {ergonomic}
   size_t MinHeapDeltaBytes                        = 1048576                                   {product} {ergonomic}
   size_t MinHeapSize                              = 8388608                                   {product} {ergonomic}
    uintx NonNMethodCodeHeapSize                   = 5832780                                {pd product} {ergonomic}
    uintx NonProfiledCodeHeapSize                  = 122912730                              {pd product} {ergonomic}
    uintx ProfiledCodeHeapSize                     = 122912730                              {pd product} {ergonomic}
    uintx ReservedCodeCacheSize                    = 251658240                              {pd product} {ergonomic}
     bool SegmentedCodeCache                       = true                                      {product} {ergonomic}
     bool ShowCodeDetailsInExceptionMessages       = true                                   {manageable} {command line}
   size_t SoftMaxHeapSize                          = 2067791872                             {manageable} {ergonomic}
     bool UseCompressedClassPointers               = true                           {product lp64_product} {ergonomic}
     bool UseCompressedOops                        = true                           {product lp64_product} {ergonomic}
     bool UseG1GC                                  = true                                      {product} {ergonomic}
     bool UseLargePagesIndividualAllocation        = false                                  {pd product} {ergonomic}

Logging:
Log output configuration:
 #0: stdout all=warning uptime,level,tags
 #1: stderr all=off uptime,level,tags

Environment Variables:
JAVA_HOME=C:\Program Files\Java\jdk-17
PATH=C:\Program Files\Common Files\Oracle\Java\javapath;C:\Program Files\Java\jdk-17.0.2\bin;C:\Program Files (x86)\Common Files\Oracle\Java\javapath;C:\WINDOWS\system32;C:\WINDOWS;C:\WINDOWS\System32\Wbem;C:\WINDOWS\System32\WindowsPowerShell\v1.0\;C:\WINDOWS\System32\OpenSSH\;C:\Program Files (x86)\Microsoft SQL Server\160\Tools\Binn\;C:\Program Files\Microsoft SQL Server\160\Tools\Binn\;C:\Program Files\Microsoft SQL Server\Client SDK\ODBC\170\Tools\Binn\;C:\Program Files\Microsoft SQL Server\160\DTS\Binn\;C:\Program Files (x86)\Microsoft SQL Server\160\DTS\Binn\;C:\Program Files\Azure Data Studio\bin;C:\Program Files\Java\jdk-17\bin;C:\Program Files\Apache Maven\apache-maven-3.8.5\bin;C:\Program Files\Git\cmd;C:\Users\hajir\AppData\Local\Microsoft\WindowsApps;C:\Program Files\JetBrains\IntelliJ IDEA Community Edition 2021.3.3\bin;;C:\Users\hajir\AppData\Local\GitHubDesktop\bin;;C:\Program Files\Azure Data Studio\bin
USERNAME=hajir
OS=Windows_NT
PROCESSOR_IDENTIFIER=Intel64 Family 6 Model 140 Stepping 1, GenuineIntel



---------------  S Y S T E M  ---------------

OS:
 Windows 11 , 64 bit Build 22621 (10.0.22621.3958)
OS uptime: 54 days 7:27 hours

CPU: total 4 (initial active 4) (2 cores per cpu, 2 threads per core) family 6 model 140 stepping 1 microcode 0x86, cx8, cmov, fxsr, ht, mmx, 3dnowpref, sse, sse2, sse3, ssse3, sse4.1, sse4.2, popcnt, lzcnt, tsc, tscinvbit, avx, avx2, aes, erms, clmul, bmi1, bmi2, adx, avx512f, avx512dq, avx512cd, avx512bw, avx512vl, sha, fma, vzeroupper, avx512_vpopcntdq, avx512_vpclmulqdq, avx512_vaes, avx512_vnni, clflush, clflushopt, clwb, avx512_vbmi2, avx512_vbmi

Memory: 4k page, system-wide physical 7886M (117M free)
TotalPageFile size 32462M (AvailPageFile size 90M)
current process WorkingSet (physical memory assigned to process): 11M, peak: 11M
current process commit charge ("private bytes"): 52M, peak: 175M

vm_info: Java HotSpot(TM) 64-Bit Server VM (17.0.11+7-LTS-207) for windows-amd64 JRE (17.0.11+7-LTS-207), built on Mar 11 2024 19:01:50 by "mach5one" with MS VC++ 17.6 (VS2022)

END.
